#
# There is insufficient memory for the Java Runtime Environment to continue.
# Native memory allocation (malloc) failed to allocate 1048576 bytes. Error detail: AllocateHeap
# Possible reasons:
#   The system is out of physical RAM or swap space
#   This process is running with CompressedOops enabled, and the Java Heap may be blocking the growth of the native heap
# Possible solutions:
#   Reduce memory load on the system
#   Increase physical memory or swap space
#   Check if swap backing store is full
#   Decrease Java heap size (-Xmx/-Xms)
#   Decrease number of Java threads
#   Decrease Java thread stack sizes (-Xss)
#   Set larger code cache with -XX:ReservedCodeCacheSize=
#   JVM is running with Unscaled Compressed Oops mode in which the Java heap is
#     placed in the first 4GB address space. The Java Heap base address is the
#     maximum limit for the native heap growth. Please use -XX:HeapBaseMinAddress
#     to set the Java Heap base and to place the Java Heap above 4GB virtual address.
# This output file may be truncated or incomplete.
#
#  Out of Memory Error (allocation.cpp:44), pid=30736, tid=23436
#
# JRE version: OpenJDK Runtime Environment Temurin-21.0.8+9 (21.0.8+9) (build 21.0.8+9-LTS)
# Java VM: OpenJDK 64-Bit Server VM Temurin-21.0.8+9 (21.0.8+9-LTS, mixed mode, sharing, tiered, compressed oops, compressed class ptrs, parallel gc, windows-amd64)
# No core dump will be written. Minidumps are not enabled by default on client versions of Windows
#

---------------  S U M M A R Y ------------

Command Line: --add-modules=ALL-SYSTEM --add-opens=java.base/java.util=ALL-UNNAMED --add-opens=java.base/java.lang=ALL-UNNAMED --add-opens=java.base/sun.nio.fs=ALL-UNNAMED -Declipse.application=org.eclipse.jdt.ls.core.id1 -Dosgi.bundles.defaultStartLevel=4 -Declipse.product=org.eclipse.jdt.ls.core.product -Djava.import.generatesMetadataFilesAtProjectRoot=false -DDetectVMInstallationsJob.disabled=true -Dfile.encoding=utf8 -XX:+UseParallelGC -XX:GCTimeRatio=4 -XX:AdaptiveSizePolicyWeight=90 -Dsun.zip.disableMemoryMapping=true -Xmx2G -Xms100m -Xlog:disable -javaagent:c:\Users\nasir\.vscode\extensions\redhat.java-1.44.0-win32-x64\lombok\lombok-1.18.39-4050.jar -XX:+HeapDumpOnOutOfMemoryError -XX:HeapDumpPath=c:\Users\nasir\AppData\Roaming\Code\User\workspaceStorage\afa32ad347e9f27b634a0ff24658cbed\redhat.java -Daether.dependencyCollector.impl=bf c:\Users\nasir\.vscode\extensions\redhat.java-1.44.0-win32-x64\server\plugins\org.eclipse.equinox.launcher_1.7.0.v20250519-0528.jar -configuration c:\Users\nasir\AppData\Roaming\Code\User\globalStorage\redhat.java\1.44.0\config_win -data c:\Users\nasir\AppData\Roaming\Code\User\workspaceStorage\afa32ad347e9f27b634a0ff24658cbed\redhat.java\jdt_ws --pipe=\\.\pipe\lsp-be13b9dd6752bd48b78e3e08bdf63748-sock

Host: Intel(R) Core(TM) i5-8300H CPU @ 2.30GHz, 8 cores, 7G,  Windows 11 , 64 bit Build 26100 (10.0.26100.4484)
Time: Sun Aug  3 03:48:45 2025 Eastern Daylight Time elapsed time: 162.424713 seconds (0d 0h 2m 42s)

---------------  T H R E A D  ---------------

Current thread (0x000001c6f2e25c80):  JavaThread "Attach Listener" daemon [_thread_in_vm, id=23436, stack(0x000000686b200000,0x000000686b300000) (1024K)]

Stack: [0x000000686b200000,0x000000686b300000]
Native frames: (J=compiled Java code, j=interpreted, Vv=VM code, C=native code)
V  [jvm.dll+0x6d2449]
V  [jvm.dll+0x8ae341]
V  [jvm.dll+0x8b08be]
V  [jvm.dll+0x8b0fa3]
V  [jvm.dll+0x280c96]
V  [jvm.dll+0xc0347]
V  [jvm.dll+0x6d2cf9]
V  [jvm.dll+0x131116]
V  [jvm.dll+0x3f2d16]
V  [jvm.dll+0x857e6b]
V  [jvm.dll+0x6d0b0d]
C  [ucrtbase.dll+0x37b0]
C  [KERNEL32.DLL+0x2e8d7]
C  [ntdll.dll+0x3c34c]


---------------  P R O C E S S  ---------------

Threads class SMR info:
_java_thread_list=0x000001c6ff06cc10, length=69, elements={
0x000001c6f2eb4c00, 0x000001c6f2f69ad0, 0x000001c6f2f6c0a0, 0x000001c6f2e25030,
0x000001c6f2e25c80, 0x000001c6f2e294c0, 0x000001c6f2e2f550, 0x000001c6f2e523a0,
0x000001c6fc1672d0, 0x000001c6fc1d3ed0, 0x000001c6fc453860, 0x000001c6fcb10e20,
0x000001c6fcb142a0, 0x000001c6fcb12860, 0x000001c6fcb12ef0, 0x000001c6fc1544b0,
0x000001c6fc154b40, 0x000001c6fc155860, 0x000001c6fc153e20, 0x000001c6fc156580,
0x000001c6fc153790, 0x000001c6fcb13580, 0x000001c6fcb121d0, 0x000001c6fcb13c10,
0x000001c6fcb114b0, 0x000001c6fcb11b40, 0x000001c6ff067880, 0x000001c6ff066b60,
0x000001c6ff067f10, 0x000001c6ff0671f0, 0x000001c6ff0685a0, 0x000001c6ff0692c0,
0x000001c6ff069950, 0x000001c6ff069fe0, 0x000001c6ff068c30, 0x000001c6fdc25e90,
0x000001c6fdc24ae0, 0x000001c6fdc22a10, 0x000001c6fdc25800, 0x000001c6fdc23dc0,
0x000001c6fdc26bb0, 0x000001c6fdc26520, 0x000001c6fdc23730, 0x000001c6fdc27240,
0x000001c6fdc278d0, 0x000001c6fdc24450, 0x000001c6fdc25170, 0x000001c6fdc27f60,
0x000001c6fdc299a0, 0x000001c6fdc285f0, 0x000001c6fdc28c80, 0x000001c6fdc2a030,
0x000001c6fdc29310, 0x000001c6fc156c10, 0x000001c6dcb2e940, 0x000001c6dcb2c1e0,
0x000001c6dcb2c870, 0x000001c6dcb2e2b0, 0x000001c6dcb2cf00, 0x000001c6dcb2b4c0,
0x000001c6dcb30380, 0x000001c6dcb2dc20, 0x000001c6dcb2f660, 0x000001c6dcb2efd0,
0x000001c6dcb2fcf0, 0x000001c6dcb2d590, 0x000001c6fd7cde60, 0x000001c6fd7ce4f0,
0x000001c6fd7d1970
}

Java Threads: ( => current thread )
  0x000001c6f2eb4c00 JavaThread "main"                              [_thread_blocked, id=11348, stack(0x000000686ab00000,0x000000686ac00000) (1024K)]
  0x000001c6f2f69ad0 JavaThread "Reference Handler"          daemon [_thread_blocked, id=27108, stack(0x000000686af00000,0x000000686b000000) (1024K)]
  0x000001c6f2f6c0a0 JavaThread "Finalizer"                  daemon [_thread_blocked, id=32228, stack(0x000000686b000000,0x000000686b100000) (1024K)]
  0x000001c6f2e25030 JavaThread "Signal Dispatcher"          daemon [_thread_blocked, id=19968, stack(0x000000686b100000,0x000000686b200000) (1024K)]
=>0x000001c6f2e25c80 JavaThread "Attach Listener"            daemon [_thread_in_vm, id=23436, stack(0x000000686b200000,0x000000686b300000) (1024K)]
  0x000001c6f2e294c0 JavaThread "Service Thread"             daemon [_thread_blocked, id=32152, stack(0x000000686b300000,0x000000686b400000) (1024K)]
  0x000001c6f2e2f550 JavaThread "Monitor Deflation Thread"   daemon [_thread_blocked, id=26012, stack(0x000000686b400000,0x000000686b500000) (1024K)]
  0x000001c6f2e523a0 JavaThread "C2 CompilerThread0"         daemon [_thread_blocked, id=29496, stack(0x000000686b500000,0x000000686b600000) (1024K)]
  0x000001c6fc1672d0 JavaThread "C1 CompilerThread0"         daemon [_thread_blocked, id=26800, stack(0x000000686b600000,0x000000686b700000) (1024K)]
  0x000001c6fc1d3ed0 JavaThread "Common-Cleaner"             daemon [_thread_blocked, id=28824, stack(0x000000686b700000,0x000000686b800000) (1024K)]
  0x000001c6fc453860 JavaThread "Notification Thread"        daemon [_thread_blocked, id=28552, stack(0x000000686b800000,0x000000686b900000) (1024K)]
  0x000001c6fcb10e20 JavaThread "Active Thread: Equinox Container: acbf36f7-57c5-4dd8-8fb3-951a03394910"        [_thread_blocked, id=28452, stack(0x000000686c500000,0x000000686c600000) (1024K)]
  0x000001c6fcb142a0 JavaThread "Framework Event Dispatcher: Equinox Container: acbf36f7-57c5-4dd8-8fb3-951a03394910" daemon [_thread_blocked, id=33132, stack(0x000000686b900000,0x000000686ba00000) (1024K)]
  0x000001c6fcb12860 JavaThread "Start Level: Equinox Container: acbf36f7-57c5-4dd8-8fb3-951a03394910" daemon [_thread_blocked, id=32724, stack(0x000000686c000000,0x000000686c100000) (1024K)]
  0x000001c6fcb12ef0 JavaThread "Refresh Thread: Equinox Container: acbf36f7-57c5-4dd8-8fb3-951a03394910" daemon [_thread_blocked, id=27580, stack(0x000000686c200000,0x000000686c300000) (1024K)]
  0x000001c6fc1544b0 JavaThread "Bundle File Closer"         daemon [_thread_blocked, id=5716, stack(0x000000686cc00000,0x000000686cd00000) (1024K)]
  0x000001c6fc154b40 JavaThread "SCR Component Actor"        daemon [_thread_blocked, id=21024, stack(0x000000686c300000,0x000000686c400000) (1024K)]
  0x000001c6fc155860 JavaThread "Worker-JM"                         [_thread_blocked, id=12136, stack(0x000000686c600000,0x000000686c700000) (1024K)]
  0x000001c6fc153e20 JavaThread "JNA Cleaner"                daemon [_thread_blocked, id=21792, stack(0x000000686c700000,0x000000686c800000) (1024K)]
  0x000001c6fc156580 JavaThread "Worker-0"                          [_thread_blocked, id=18204, stack(0x000000686c800000,0x000000686c900000) (1024K)]
  0x000001c6fc153790 JavaThread "Worker-1"                          [_thread_blocked, id=26944, stack(0x000000686c900000,0x000000686ca00000) (1024K)]
  0x000001c6fcb13580 JavaThread "Java indexing"              daemon [_thread_blocked, id=11044, stack(0x000000686ca00000,0x000000686cb00000) (1024K)]
  0x000001c6fcb121d0 JavaThread "Worker-2"                          [_thread_blocked, id=31452, stack(0x000000686cb00000,0x000000686cc00000) (1024K)]
  0x000001c6fcb13c10 JavaThread "Worker-3"                          [_thread_blocked, id=26384, stack(0x000000686cf00000,0x000000686d000000) (1024K)]
  0x000001c6fcb114b0 JavaThread "Worker-4"                          [_thread_blocked, id=28944, stack(0x000000686d000000,0x000000686d100000) (1024K)]
  0x000001c6fcb11b40 JavaThread "Thread-2"                   daemon [_thread_in_native, id=13488, stack(0x000000686d100000,0x000000686d200000) (1024K)]
  0x000001c6ff067880 JavaThread "Thread-3"                   daemon [_thread_in_native, id=23140, stack(0x000000686d200000,0x000000686d300000) (1024K)]
  0x000001c6ff066b60 JavaThread "Thread-4"                   daemon [_thread_in_native, id=26884, stack(0x000000686d300000,0x000000686d400000) (1024K)]
  0x000001c6ff067f10 JavaThread "Thread-5"                   daemon [_thread_in_native, id=17116, stack(0x000000686d400000,0x000000686d500000) (1024K)]
  0x000001c6ff0671f0 JavaThread "Thread-6"                   daemon [_thread_in_native, id=23540, stack(0x000000686d500000,0x000000686d600000) (1024K)]
  0x000001c6ff0685a0 JavaThread "Thread-7"                   daemon [_thread_in_native, id=29152, stack(0x000000686d600000,0x000000686d700000) (1024K)]
  0x000001c6ff0692c0 JavaThread "Thread-8"                   daemon [_thread_in_native, id=19400, stack(0x000000686d700000,0x000000686d800000) (1024K)]
  0x000001c6ff069950 JavaThread "Thread-9"                   daemon [_thread_in_native, id=8900, stack(0x000000686d800000,0x000000686d900000) (1024K)]
  0x000001c6ff069fe0 JavaThread "Thread-10"                  daemon [_thread_in_native, id=29320, stack(0x000000686d900000,0x000000686da00000) (1024K)]
  0x000001c6ff068c30 JavaThread "pool-2-thread-1"                   [_thread_blocked, id=27852, stack(0x000000686da00000,0x000000686db00000) (1024K)]
  0x000001c6fdc25e90 JavaThread "WorkspaceEventsHandler"            [_thread_blocked, id=9036, stack(0x000000686db00000,0x000000686dc00000) (1024K)]
  0x000001c6fdc24ae0 JavaThread "pool-1-thread-1"                   [_thread_blocked, id=20816, stack(0x000000686dc00000,0x000000686dd00000) (1024K)]
  0x000001c6fdc22a10 JavaThread "Worker-5"                          [_thread_blocked, id=33516, stack(0x000000686de00000,0x000000686df00000) (1024K)]
  0x000001c6fdc25800 JavaThread "Worker-6"                          [_thread_blocked, id=27068, stack(0x000000686df00000,0x000000686e000000) (1024K)]
  0x000001c6fdc23dc0 JavaThread "Worker-7"                          [_thread_blocked, id=19072, stack(0x000000686e000000,0x000000686e100000) (1024K)]
  0x000001c6fdc26bb0 JavaThread "LocalFile Deleter"          daemon [_thread_blocked, id=17088, stack(0x000000686e100000,0x000000686e200000) (1024K)]
  0x000001c6fdc26520 JavaThread "LocalFile Deleter"          daemon [_thread_blocked, id=17884, stack(0x000000686e200000,0x000000686e300000) (1024K)]
  0x000001c6fdc23730 JavaThread "LocalFile Deleter"          daemon [_thread_blocked, id=1340, stack(0x000000686e300000,0x000000686e400000) (1024K)]
  0x000001c6fdc27240 JavaThread "LocalFile Deleter"          daemon [_thread_blocked, id=10760, stack(0x000000686e400000,0x000000686e500000) (1024K)]
  0x000001c6fdc278d0 JavaThread "LocalFile Deleter"          daemon [_thread_blocked, id=19892, stack(0x000000686e500000,0x000000686e600000) (1024K)]
  0x000001c6fdc24450 JavaThread "LocalFile Deleter"          daemon [_thread_blocked, id=14664, stack(0x000000686e600000,0x000000686e700000) (1024K)]
  0x000001c6fdc25170 JavaThread "LocalFile Deleter"          daemon [_thread_blocked, id=29776, stack(0x000000686e700000,0x000000686e800000) (1024K)]
  0x000001c6fdc27f60 JavaThread "LocalFile Deleter"          daemon [_thread_blocked, id=19516, stack(0x000000686e800000,0x000000686e900000) (1024K)]
  0x000001c6fdc299a0 JavaThread "Compiler Source File Reader" daemon [_thread_blocked, id=18452, stack(0x000000686e900000,0x000000686ea00000) (1024K)]
  0x000001c6fdc285f0 JavaThread "Compiler Source File Reader" daemon [_thread_blocked, id=18612, stack(0x000000686ea00000,0x000000686eb00000) (1024K)]
  0x000001c6fdc28c80 JavaThread "Compiler Source File Reader" daemon [_thread_blocked, id=25148, stack(0x000000686eb00000,0x000000686ec00000) (1024K)]
  0x000001c6fdc2a030 JavaThread "Compiler Source File Reader" daemon [_thread_blocked, id=32952, stack(0x000000686ec00000,0x000000686ed00000) (1024K)]
  0x000001c6fdc29310 JavaThread "Compiler Source File Reader" daemon [_thread_blocked, id=18392, stack(0x000000686ed00000,0x000000686ee00000) (1024K)]
  0x000001c6fc156c10 JavaThread "Compiler Source File Reader" daemon [_thread_blocked, id=28484, stack(0x000000686ee00000,0x000000686ef00000) (1024K)]
  0x000001c6dcb2e940 JavaThread "Compiler Processing Task"   daemon [_thread_blocked, id=33732, stack(0x000000686ef00000,0x000000686f000000) (1024K)]
  0x000001c6dcb2c1e0 JavaThread "Compiler Class File Writer" daemon [_thread_blocked, id=9704, stack(0x000000686f000000,0x000000686f100000) (1024K)]
  0x000001c6dcb2c870 JavaThread "Compiler Class File Writer" daemon [_thread_blocked, id=22916, stack(0x000000686f100000,0x000000686f200000) (1024K)]
  0x000001c6dcb2e2b0 JavaThread "Compiler Class File Writer" daemon [_thread_blocked, id=30772, stack(0x000000686f200000,0x000000686f300000) (1024K)]
  0x000001c6dcb2cf00 JavaThread "Compiler Class File Writer" daemon [_thread_blocked, id=28200, stack(0x000000686f300000,0x000000686f400000) (1024K)]
  0x000001c6dcb2b4c0 JavaThread "Compiler Class File Writer" daemon [_thread_blocked, id=30600, stack(0x000000686f400000,0x000000686f500000) (1024K)]
  0x000001c6dcb30380 JavaThread "Compiler Class File Writer" daemon [_thread_blocked, id=33384, stack(0x000000686f500000,0x000000686f600000) (1024K)]
  0x000001c6dcb2dc20 JavaThread "ForkJoinPool.commonPool-worker-1" daemon [_thread_blocked, id=20620, stack(0x000000686a900000,0x000000686aa00000) (1024K)]
  0x000001c6dcb2f660 JavaThread "ForkJoinPool.commonPool-worker-2" daemon [_thread_blocked, id=18692, stack(0x000000686aa00000,0x000000686ab00000) (1024K)]
  0x000001c6dcb2efd0 JavaThread "ForkJoinPool.commonPool-worker-3" daemon [_thread_blocked, id=8816, stack(0x000000686c400000,0x000000686c500000) (1024K)]
  0x000001c6dcb2fcf0 JavaThread "ForkJoinPool.commonPool-worker-4" daemon [_thread_blocked, id=20972, stack(0x000000686f600000,0x000000686f700000) (1024K)]
  0x000001c6dcb2d590 JavaThread "ForkJoinPool.commonPool-worker-5" daemon [_thread_blocked, id=24072, stack(0x000000686f700000,0x000000686f800000) (1024K)]
  0x000001c6fd7cde60 JavaThread "ForkJoinPool.commonPool-worker-6" daemon [_thread_blocked, id=18788, stack(0x000000686fa00000,0x000000686fb00000) (1024K)]
  0x000001c6fd7ce4f0 JavaThread "ForkJoinPool.commonPool-worker-7" daemon [_thread_blocked, id=7108, stack(0x000000686fb00000,0x000000686fc00000) (1024K)]
  0x000001c6fd7d1970 JavaThread "Cleaner-0"                  daemon [_thread_blocked, id=28788, stack(0x000000686fd00000,0x000000686fe00000) (1024K)]
Total: 69

Other Threads:
  0x000001c6f2f4e800 VMThread "VM Thread"                           [id=2624, stack(0x000000686ae00000,0x000000686af00000) (1024K)]
  0x000001c6f2d3ca00 WatcherThread "VM Periodic Task Thread"        [id=11332, stack(0x000000686ad00000,0x000000686ae00000) (1024K)]
  0x000001c6f2ed38a0 WorkerThread "GC Thread#0"                     [id=18216, stack(0x000000686ac00000,0x000000686ad00000) (1024K)]
  0x000001c6fc857ad0 WorkerThread "GC Thread#1"                     [id=10516, stack(0x000000686ba00000,0x000000686bb00000) (1024K)]
  0x000001c6fc857e70 WorkerThread "GC Thread#2"                     [id=12296, stack(0x000000686bb00000,0x000000686bc00000) (1024K)]
  0x000001c6fca7fd40 WorkerThread "GC Thread#3"                     [id=2404, stack(0x000000686bc00000,0x000000686bd00000) (1024K)]
  0x000001c6fc85de30 WorkerThread "GC Thread#4"                     [id=24076, stack(0x000000686bd00000,0x000000686be00000) (1024K)]
  0x000001c6fc85e1d0 WorkerThread "GC Thread#5"                     [id=15096, stack(0x000000686be00000,0x000000686bf00000) (1024K)]
  0x000001c6fceb6b80 WorkerThread "GC Thread#6"                     [id=30636, stack(0x000000686bf00000,0x000000686c000000) (1024K)]
  0x000001c6fcc0a400 WorkerThread "GC Thread#7"                     [id=12680, stack(0x000000686c100000,0x000000686c200000) (1024K)]
Total: 10

Threads with active compile tasks:
Total: 0

VM state: not at safepoint (normal execution)

VM Mutex/Monitor currently owned by a thread: None

Heap address: 0x0000000080000000, size: 2048 MB, Compressed Oops mode: 32-bit

CDS archive(s) mapped at: [0x000001c68f000000-0x000001c68fba0000-0x000001c68fba0000), size 12189696, SharedBaseAddress: 0x000001c68f000000, ArchiveRelocationMode: 1.
Compressed class space mapped at: 0x000001c690000000-0x000001c6d0000000, reserved size: 1073741824
Narrow klass base: 0x000001c68f000000, Narrow klass shift: 0, Narrow klass range: 0x100000000

GC Precious Log:
 CardTable entry size: 512
 CPUs: 8 total, 8 available
 Memory: 8034M
 Large Page Support: Disabled
 NUMA Support: Disabled
 Compressed Oops: Enabled (32-bit)
 Alignments: Space 512K, Generation 512K, Heap 2M
 Heap Min Capacity: 100M
 Heap Initial Capacity: 100M
 Heap Max Capacity: 2G
 Pre-touch: Disabled
 Parallel Workers: 8

Heap:
 PSYoungGen      total 3072K, used 2662K [0x00000000d5580000, 0x00000000d5a00000, 0x0000000100000000)
  eden space 2560K, 84% used [0x00000000d5580000,0x00000000d5799aa8,0x00000000d5800000)
  from space 512K, 100% used [0x00000000d5800000,0x00000000d5880000,0x00000000d5880000)
  to   space 1024K, 0% used [0x00000000d5900000,0x00000000d5900000,0x00000000d5a00000)
 ParOldGen       total 922624K, used 922568K [0x0000000080000000, 0x00000000b8500000, 0x00000000d5580000)
  object space 922624K, 99% used [0x0000000080000000,0x00000000b84f2350,0x00000000b8500000)
 Metaspace       used 80041K, committed 81664K, reserved 1179648K
  class space    used 8295K, committed 8960K, reserved 1048576K

Card table byte_map: [0x000001c6f2850000,0x000001c6f2c60000] _byte_map_base: 0x000001c6f2450000

Marking Bits: (ParMarkBitMap*) 0x00007ffa5ed9a340
 Begin Bits: [0x000001c6f6350000, 0x000001c6f8350000)
 End Bits:   [0x000001c6f8350000, 0x000001c6fa350000)

Polling page: 0x000001c6f0aa0000

Metaspace:

Usage:
  Non-class:     70.06 MB used.
      Class:      8.10 MB used.
       Both:     78.17 MB used.

Virtual space:
  Non-class space:      128.00 MB reserved,      71.00 MB ( 55%) committed,  2 nodes.
      Class space:        1.00 GB reserved,       8.75 MB ( <1%) committed,  1 nodes.
             Both:        1.12 GB reserved,      79.75 MB (  7%) committed. 

Chunk freelists:
   Non-Class:  8.70 MB
       Class:  7.20 MB
        Both:  15.90 MB

MaxMetaspaceSize: unlimited
CompressedClassSpaceSize: 1.00 GB
Initial GC threshold: 21.00 MB
Current GC threshold: 97.31 MB
CDS: on
 - commit_granule_bytes: 65536.
 - commit_granule_words: 8192.
 - virtual_space_node_default_size: 8388608.
 - enlarge_chunks_in_place: 1.
 - use_allocation_guard: 0.


Internal statistics:

num_allocs_failed_limit: 9.
num_arena_births: 1376.
num_arena_deaths: 14.
num_vsnodes_births: 3.
num_vsnodes_deaths: 0.
num_space_committed: 1276.
num_space_uncommitted: 0.
num_chunks_returned_to_freelist: 23.
num_chunks_taken_from_freelist: 5046.
num_chunk_merges: 7.
num_chunk_splits: 3060.
num_chunks_enlarged: 1729.
num_inconsistent_stats: 0.

CodeHeap 'non-profiled nmethods': size=120000Kb used=14790Kb max_used=14790Kb free=105209Kb
 bounds [0x000001c687ad0000, 0x000001c688950000, 0x000001c68f000000]
CodeHeap 'profiled nmethods': size=120000Kb used=40293Kb max_used=40293Kb free=79706Kb
 bounds [0x000001c680000000, 0x000001c682760000, 0x000001c687530000]
CodeHeap 'non-nmethods': size=5760Kb used=1521Kb max_used=1622Kb free=4238Kb
 bounds [0x000001c687530000, 0x000001c6877a0000, 0x000001c687ad0000]
CodeCache: size=245760Kb, used=56604Kb, max_used=56705Kb, free=189153Kb
 total_blobs=17604, nmethods=16762, adapters=745, full_count=0
Compilation: enabled, stopped_count=0, restarted_count=0

Compilation events (20 events):
Event: 133.288 Thread 0x000001c6f2e523a0 17568       4       org.eclipse.jdt.internal.compiler.lookup.FieldBinding::<init> (21 bytes)
Event: 133.289 Thread 0x000001c6f2e523a0 nmethod 17568 0x000001c68893db90 code [0x000001c68893dd20, 0x000001c68893de00]
Event: 133.289 Thread 0x000001c6f2e523a0 17567       4       java.lang.String::split (148 bytes)
Event: 133.295 Thread 0x000001c6f2e523a0 nmethod 17567 0x000001c68893de90 code [0x000001c68893e0a0, 0x000001c68893e600]
Event: 133.295 Thread 0x000001c6f2e523a0 17456       4       org.eclipse.jdt.internal.compiler.parser.Scanner::disambiguatedToken (219 bytes)
Event: 133.309 Thread 0x000001c6f2e523a0 nmethod 17456 0x000001c68893ea90 code [0x000001c68893ed40, 0x000001c68893f510]
Event: 133.309 Thread 0x000001c6f2e523a0 17519       4       org.osgi.util.tracker.ServiceTracker::getService (33 bytes)
Event: 133.310 Thread 0x000001c6f2e523a0 nmethod 17519 0x000001c68893fc10 code [0x000001c68893fda0, 0x000001c68893feb8]
Event: 133.310 Thread 0x000001c6f2e523a0 17446       4       org.eclipse.jdt.internal.core.PackageFragment::calculateHashCode (18 bytes)
Event: 133.316 Thread 0x000001c6f2e523a0 nmethod 17446 0x000001c68893ff90 code [0x000001c688940180, 0x000001c688940650]
Event: 133.316 Thread 0x000001c6f2e523a0 17561       4       org.eclipse.jdt.internal.corext.dom.GenericVisitor::visit (6 bytes)
Event: 133.316 Thread 0x000001c6f2e523a0 nmethod 17561 0x000001c688940890 code [0x000001c688940a20, 0x000001c688940ad0]
Event: 133.316 Thread 0x000001c6f2e523a0 17524       4       java.util.stream.ReduceOps$4ReducingSink::accept (15 bytes)
Event: 133.317 Thread 0x000001c6f2e523a0 nmethod 17524 0x000001c688940b90 code [0x000001c688940d20, 0x000001c688940de0]
Event: 133.317 Thread 0x000001c6f2e523a0 17485       4       sun.nio.fs.WindowsFileSystemProvider::getPath (9 bytes)
Event: 133.317 Thread 0x000001c6f2e523a0 nmethod 17485 0x000001c688940e90 code [0x000001c688941020, 0x000001c6889410d8]
Event: 133.318 Thread 0x000001c6f2e523a0 17496       4       org.eclipse.jdt.internal.compiler.ast.Expression::setExpectedType (1 bytes)
Event: 133.318 Thread 0x000001c6f2e523a0 nmethod 17496 0x000001c688941190 code [0x000001c688941320, 0x000001c6889413a8]
Event: 137.112 Thread 0x000001c6fc1672d0 17604       3       com.google.gson.stream.JsonReader::setStrictness (11 bytes)
Event: 137.112 Thread 0x000001c6fc1672d0 nmethod 17604 0x000001c682758f10 code [0x000001c6827590c0, 0x000001c682759348]

GC Heap History (20 events):
Event: 132.845 GC heap before
{Heap before GC invocations=1229 (full 3):
 PSYoungGen      total 2560K, used 2560K [0x00000000d5580000, 0x00000000d5980000, 0x0000000100000000)
  eden space 2048K, 100% used [0x00000000d5580000,0x00000000d5780000,0x00000000d5780000)
  from space 512K, 100% used [0x00000000d5800000,0x00000000d5880000,0x00000000d5880000)
  to   space 1024K, 0% used [0x00000000d5880000,0x00000000d5880000,0x00000000d5980000)
 ParOldGen       total 919040K, used 918798K [0x0000000080000000, 0x00000000b8180000, 0x00000000d5580000)
  object space 919040K, 99% used [0x0000000080000000,0x00000000b8143938,0x00000000b8180000)
 Metaspace       used 79959K, committed 81600K, reserved 1179648K
  class space    used 8295K, committed 8960K, reserved 1048576K
}
Event: 132.854 GC heap after
{Heap after GC invocations=1229 (full 3):
 PSYoungGen      total 3072K, used 692K [0x00000000d5580000, 0x00000000d5980000, 0x0000000100000000)
  eden space 2048K, 0% used [0x00000000d5580000,0x00000000d5580000,0x00000000d5780000)
  from space 1024K, 67% used [0x00000000d5880000,0x00000000d592d200,0x00000000d5980000)
  to   space 1024K, 0% used [0x00000000d5780000,0x00000000d5780000,0x00000000d5880000)
 ParOldGen       total 919552K, used 919246K [0x0000000080000000, 0x00000000b8200000, 0x00000000d5580000)
  object space 919552K, 99% used [0x0000000080000000,0x00000000b81b3938,0x00000000b8200000)
 Metaspace       used 79959K, committed 81600K, reserved 1179648K
  class space    used 8295K, committed 8960K, reserved 1048576K
}
Event: 132.863 GC heap before
{Heap before GC invocations=1230 (full 3):
 PSYoungGen      total 3072K, used 2740K [0x00000000d5580000, 0x00000000d5980000, 0x0000000100000000)
  eden space 2048K, 100% used [0x00000000d5580000,0x00000000d5780000,0x00000000d5780000)
  from space 1024K, 67% used [0x00000000d5880000,0x00000000d592d200,0x00000000d5980000)
  to   space 1024K, 0% used [0x00000000d5780000,0x00000000d5780000,0x00000000d5880000)
 ParOldGen       total 919552K, used 919246K [0x0000000080000000, 0x00000000b8200000, 0x00000000d5580000)
  object space 919552K, 99% used [0x0000000080000000,0x00000000b81b3938,0x00000000b8200000)
 Metaspace       used 79959K, committed 81600K, reserved 1179648K
  class space    used 8295K, committed 8960K, reserved 1048576K
}
Event: 132.871 GC heap after
{Heap after GC invocations=1230 (full 3):
 PSYoungGen      total 3072K, used 288K [0x00000000d5580000, 0x00000000d5900000, 0x0000000100000000)
  eden space 2048K, 0% used [0x00000000d5580000,0x00000000d5580000,0x00000000d5780000)
  from space 1024K, 28% used [0x00000000d5780000,0x00000000d57c8000,0x00000000d5880000)
  to   space 512K, 0% used [0x00000000d5880000,0x00000000d5880000,0x00000000d5900000)
 ParOldGen       total 920064K, used 919814K [0x0000000080000000, 0x00000000b8280000, 0x00000000d5580000)
  object space 920064K, 99% used [0x0000000080000000,0x00000000b8241ae0,0x00000000b8280000)
 Metaspace       used 79959K, committed 81600K, reserved 1179648K
  class space    used 8295K, committed 8960K, reserved 1048576K
}
Event: 132.893 GC heap before
{Heap before GC invocations=1231 (full 3):
 PSYoungGen      total 3072K, used 2336K [0x00000000d5580000, 0x00000000d5900000, 0x0000000100000000)
  eden space 2048K, 100% used [0x00000000d5580000,0x00000000d5780000,0x00000000d5780000)
  from space 1024K, 28% used [0x00000000d5780000,0x00000000d57c8000,0x00000000d5880000)
  to   space 512K, 0% used [0x00000000d5880000,0x00000000d5880000,0x00000000d5900000)
 ParOldGen       total 920064K, used 919814K [0x0000000080000000, 0x00000000b8280000, 0x00000000d5580000)
  object space 920064K, 99% used [0x0000000080000000,0x00000000b8241ae0,0x00000000b8280000)
 Metaspace       used 79966K, committed 81600K, reserved 1179648K
  class space    used 8295K, committed 8960K, reserved 1048576K
}
Event: 132.898 GC heap after
{Heap after GC invocations=1231 (full 3):
 PSYoungGen      total 2560K, used 480K [0x00000000d5580000, 0x00000000d5a00000, 0x0000000100000000)
  eden space 2048K, 0% used [0x00000000d5580000,0x00000000d5580000,0x00000000d5780000)
  from space 512K, 93% used [0x00000000d5880000,0x00000000d58f8000,0x00000000d5900000)
  to   space 1024K, 0% used [0x00000000d5780000,0x00000000d5780000,0x00000000d5880000)
 ParOldGen       total 920064K, used 920046K [0x0000000080000000, 0x00000000b8280000, 0x00000000d5580000)
  object space 920064K, 99% used [0x0000000080000000,0x00000000b827bae0,0x00000000b8280000)
 Metaspace       used 79966K, committed 81600K, reserved 1179648K
  class space    used 8295K, committed 8960K, reserved 1048576K
}
Event: 133.069 GC heap before
{Heap before GC invocations=1232 (full 3):
 PSYoungGen      total 2560K, used 2528K [0x00000000d5580000, 0x00000000d5a00000, 0x0000000100000000)
  eden space 2048K, 100% used [0x00000000d5580000,0x00000000d5780000,0x00000000d5780000)
  from space 512K, 93% used [0x00000000d5880000,0x00000000d58f8000,0x00000000d5900000)
  to   space 1024K, 0% used [0x00000000d5780000,0x00000000d5780000,0x00000000d5880000)
 ParOldGen       total 920064K, used 920046K [0x0000000080000000, 0x00000000b8280000, 0x00000000d5580000)
  object space 920064K, 99% used [0x0000000080000000,0x00000000b827bae0,0x00000000b8280000)
 Metaspace       used 79983K, committed 81600K, reserved 1179648K
  class space    used 8295K, committed 8960K, reserved 1048576K
}
Event: 133.075 GC heap after
{Heap after GC invocations=1232 (full 3):
 PSYoungGen      total 3072K, used 528K [0x00000000d5580000, 0x00000000d5980000, 0x0000000100000000)
  eden space 2048K, 0% used [0x00000000d5580000,0x00000000d5580000,0x00000000d5780000)
  from space 1024K, 51% used [0x00000000d5780000,0x00000000d5804010,0x00000000d5880000)
  to   space 1024K, 0% used [0x00000000d5880000,0x00000000d5880000,0x00000000d5980000)
 ParOldGen       total 920576K, used 920414K [0x0000000080000000, 0x00000000b8300000, 0x00000000d5580000)
  object space 920576K, 99% used [0x0000000080000000,0x00000000b82d7ae0,0x00000000b8300000)
 Metaspace       used 79983K, committed 81600K, reserved 1179648K
  class space    used 8295K, committed 8960K, reserved 1048576K
}
Event: 133.134 GC heap before
{Heap before GC invocations=1233 (full 3):
 PSYoungGen      total 3072K, used 2576K [0x00000000d5580000, 0x00000000d5980000, 0x0000000100000000)
  eden space 2048K, 100% used [0x00000000d5580000,0x00000000d5780000,0x00000000d5780000)
  from space 1024K, 51% used [0x00000000d5780000,0x00000000d5804010,0x00000000d5880000)
  to   space 1024K, 0% used [0x00000000d5880000,0x00000000d5880000,0x00000000d5980000)
 ParOldGen       total 920576K, used 920414K [0x0000000080000000, 0x00000000b8300000, 0x00000000d5580000)
  object space 920576K, 99% used [0x0000000080000000,0x00000000b82d7ae0,0x00000000b8300000)
 Metaspace       used 79984K, committed 81600K, reserved 1179648K
  class space    used 8295K, committed 8960K, reserved 1048576K
}
Event: 133.137 GC heap after
{Heap after GC invocations=1233 (full 3):
 PSYoungGen      total 2560K, used 458K [0x00000000d5580000, 0x00000000d5900000, 0x0000000100000000)
  eden space 2048K, 0% used [0x00000000d5580000,0x00000000d5580000,0x00000000d5780000)
  from space 512K, 89% used [0x00000000d5880000,0x00000000d58f2910,0x00000000d5900000)
  to   space 512K, 0% used [0x00000000d5800000,0x00000000d5800000,0x00000000d5880000)
 ParOldGen       total 921088K, used 920803K [0x0000000080000000, 0x00000000b8380000, 0x00000000d5580000)
  object space 921088K, 99% used [0x0000000080000000,0x00000000b8338d08,0x00000000b8380000)
 Metaspace       used 79984K, committed 81600K, reserved 1179648K
  class space    used 8295K, committed 8960K, reserved 1048576K
}
Event: 133.145 GC heap before
{Heap before GC invocations=1234 (full 3):
 PSYoungGen      total 2560K, used 2506K [0x00000000d5580000, 0x00000000d5900000, 0x0000000100000000)
  eden space 2048K, 99% used [0x00000000d5580000,0x00000000d577ffd0,0x00000000d5780000)
  from space 512K, 89% used [0x00000000d5880000,0x00000000d58f2910,0x00000000d5900000)
  to   space 512K, 0% used [0x00000000d5800000,0x00000000d5800000,0x00000000d5880000)
 ParOldGen       total 921088K, used 920803K [0x0000000080000000, 0x00000000b8380000, 0x00000000d5580000)
  object space 921088K, 99% used [0x0000000080000000,0x00000000b8338d08,0x00000000b8380000)
 Metaspace       used 79984K, committed 81600K, reserved 1179648K
  class space    used 8295K, committed 8960K, reserved 1048576K
}
Event: 133.151 GC heap after
{Heap after GC invocations=1234 (full 3):
 PSYoungGen      total 3072K, used 256K [0x00000000d5580000, 0x00000000d5900000, 0x0000000100000000)
  eden space 2560K, 0% used [0x00000000d5580000,0x00000000d5580000,0x00000000d5800000)
  from space 512K, 50% used [0x00000000d5800000,0x00000000d5840000,0x00000000d5880000)
  to   space 512K, 0% used [0x00000000d5880000,0x00000000d5880000,0x00000000d5900000)
 ParOldGen       total 921600K, used 921207K [0x0000000080000000, 0x00000000b8400000, 0x00000000d5580000)
  object space 921600K, 99% used [0x0000000080000000,0x00000000b839df18,0x00000000b8400000)
 Metaspace       used 79984K, committed 81600K, reserved 1179648K
  class space    used 8295K, committed 8960K, reserved 1048576K
}
Event: 133.187 GC heap before
{Heap before GC invocations=1235 (full 3):
 PSYoungGen      total 3072K, used 2816K [0x00000000d5580000, 0x00000000d5900000, 0x0000000100000000)
  eden space 2560K, 100% used [0x00000000d5580000,0x00000000d5800000,0x00000000d5800000)
  from space 512K, 50% used [0x00000000d5800000,0x00000000d5840000,0x00000000d5880000)
  to   space 512K, 0% used [0x00000000d5880000,0x00000000d5880000,0x00000000d5900000)
 ParOldGen       total 921600K, used 921207K [0x0000000080000000, 0x00000000b8400000, 0x00000000d5580000)
  object space 921600K, 99% used [0x0000000080000000,0x00000000b839df18,0x00000000b8400000)
 Metaspace       used 80010K, committed 81600K, reserved 1179648K
  class space    used 8295K, committed 8960K, reserved 1048576K
}
Event: 133.191 GC heap after
{Heap after GC invocations=1235 (full 3):
 PSYoungGen      total 2560K, used 512K [0x00000000d5580000, 0x00000000d5a00000, 0x0000000100000000)
  eden space 2048K, 0% used [0x00000000d5580000,0x00000000d5580000,0x00000000d5780000)
  from space 512K, 100% used [0x00000000d5880000,0x00000000d5900000,0x00000000d5900000)
  to   space 1024K, 0% used [0x00000000d5780000,0x00000000d5780000,0x00000000d5880000)
 ParOldGen       total 921600K, used 921407K [0x0000000080000000, 0x00000000b8400000, 0x00000000d5580000)
  object space 921600K, 99% used [0x0000000080000000,0x00000000b83cff18,0x00000000b8400000)
 Metaspace       used 80010K, committed 81600K, reserved 1179648K
  class space    used 8295K, committed 8960K, reserved 1048576K
}
Event: 133.209 GC heap before
{Heap before GC invocations=1236 (full 3):
 PSYoungGen      total 2560K, used 2560K [0x00000000d5580000, 0x00000000d5a00000, 0x0000000100000000)
  eden space 2048K, 100% used [0x00000000d5580000,0x00000000d5780000,0x00000000d5780000)
  from space 512K, 100% used [0x00000000d5880000,0x00000000d5900000,0x00000000d5900000)
  to   space 1024K, 0% used [0x00000000d5780000,0x00000000d5780000,0x00000000d5880000)
 ParOldGen       total 921600K, used 921407K [0x0000000080000000, 0x00000000b8400000, 0x00000000d5580000)
  object space 921600K, 99% used [0x0000000080000000,0x00000000b83cff18,0x00000000b8400000)
 Metaspace       used 80011K, committed 81600K, reserved 1179648K
  class space    used 8295K, committed 8960K, reserved 1048576K
}
Event: 133.213 GC heap after
{Heap after GC invocations=1236 (full 3):
 PSYoungGen      total 3072K, used 404K [0x00000000d5580000, 0x00000000d5980000, 0x0000000100000000)
  eden space 2048K, 0% used [0x00000000d5580000,0x00000000d5580000,0x00000000d5780000)
  from space 1024K, 39% used [0x00000000d5780000,0x00000000d57e5200,0x00000000d5880000)
  to   space 1024K, 0% used [0x00000000d5880000,0x00000000d5880000,0x00000000d5980000)
 ParOldGen       total 922112K, used 921917K [0x0000000080000000, 0x00000000b8480000, 0x00000000d5580000)
  object space 922112K, 99% used [0x0000000080000000,0x00000000b844f698,0x00000000b8480000)
 Metaspace       used 80011K, committed 81600K, reserved 1179648K
  class space    used 8295K, committed 8960K, reserved 1048576K
}
Event: 133.221 GC heap before
{Heap before GC invocations=1237 (full 3):
 PSYoungGen      total 3072K, used 2452K [0x00000000d5580000, 0x00000000d5980000, 0x0000000100000000)
  eden space 2048K, 100% used [0x00000000d5580000,0x00000000d5780000,0x00000000d5780000)
  from space 1024K, 39% used [0x00000000d5780000,0x00000000d57e5200,0x00000000d5880000)
  to   space 1024K, 0% used [0x00000000d5880000,0x00000000d5880000,0x00000000d5980000)
 ParOldGen       total 922112K, used 921917K [0x0000000080000000, 0x00000000b8480000, 0x00000000d5580000)
  object space 922112K, 99% used [0x0000000080000000,0x00000000b844f698,0x00000000b8480000)
 Metaspace       used 80011K, committed 81600K, reserved 1179648K
  class space    used 8295K, committed 8960K, reserved 1048576K
}
Event: 133.225 GC heap after
{Heap after GC invocations=1237 (full 3):
 PSYoungGen      total 3072K, used 400K [0x00000000d5580000, 0x00000000d5900000, 0x0000000100000000)
  eden space 2560K, 0% used [0x00000000d5580000,0x00000000d5580000,0x00000000d5800000)
  from space 512K, 78% used [0x00000000d5880000,0x00000000d58e4010,0x00000000d5900000)
  to   space 512K, 0% used [0x00000000d5800000,0x00000000d5800000,0x00000000d5880000)
 ParOldGen       total 922624K, used 922192K [0x0000000080000000, 0x00000000b8500000, 0x00000000d5580000)
  object space 922624K, 99% used [0x0000000080000000,0x00000000b8494340,0x00000000b8500000)
 Metaspace       used 80011K, committed 81600K, reserved 1179648K
  class space    used 8295K, committed 8960K, reserved 1048576K
}
Event: 133.253 GC heap before
{Heap before GC invocations=1238 (full 3):
 PSYoungGen      total 3072K, used 2960K [0x00000000d5580000, 0x00000000d5900000, 0x0000000100000000)
  eden space 2560K, 100% used [0x00000000d5580000,0x00000000d5800000,0x00000000d5800000)
  from space 512K, 78% used [0x00000000d5880000,0x00000000d58e4010,0x00000000d5900000)
  to   space 512K, 0% used [0x00000000d5800000,0x00000000d5800000,0x00000000d5880000)
 ParOldGen       total 922624K, used 922192K [0x0000000080000000, 0x00000000b8500000, 0x00000000d5580000)
  object space 922624K, 99% used [0x0000000080000000,0x00000000b8494340,0x00000000b8500000)
 Metaspace       used 80021K, committed 81664K, reserved 1179648K
  class space    used 8295K, committed 8960K, reserved 1048576K
}
Event: 133.259 GC heap after
{Heap after GC invocations=1238 (full 3):
 PSYoungGen      total 3072K, used 512K [0x00000000d5580000, 0x00000000d5a00000, 0x0000000100000000)
  eden space 2560K, 0% used [0x00000000d5580000,0x00000000d5580000,0x00000000d5800000)
  from space 512K, 100% used [0x00000000d5800000,0x00000000d5880000,0x00000000d5880000)
  to   space 1024K, 0% used [0x00000000d5900000,0x00000000d5900000,0x00000000d5a00000)
 ParOldGen       total 922624K, used 922568K [0x0000000080000000, 0x00000000b8500000, 0x00000000d5580000)
  object space 922624K, 99% used [0x0000000080000000,0x00000000b84f2350,0x00000000b8500000)
 Metaspace       used 80021K, committed 81664K, reserved 1179648K
  class space    used 8295K, committed 8960K, reserved 1048576K
}

Dll operation events (12 events):
Event: 0.410 Loaded shared library c:\Users\nasir\.vscode\extensions\redhat.java-1.44.0-win32-x64\jre\21.0.8-win32-x86_64\bin\java.dll
Event: 1.084 Loaded shared library c:\Users\nasir\.vscode\extensions\redhat.java-1.44.0-win32-x64\jre\21.0.8-win32-x86_64\bin\zip.dll
Event: 1.223 Loaded shared library C:\Users\nasir\.vscode\extensions\redhat.java-1.44.0-win32-x64\jre\21.0.8-win32-x86_64\bin\instrument.dll
Event: 1.232 Loaded shared library C:\Users\nasir\.vscode\extensions\redhat.java-1.44.0-win32-x64\jre\21.0.8-win32-x86_64\bin\net.dll
Event: 1.234 Loaded shared library C:\Users\nasir\.vscode\extensions\redhat.java-1.44.0-win32-x64\jre\21.0.8-win32-x86_64\bin\nio.dll
Event: 1.240 Loaded shared library C:\Users\nasir\.vscode\extensions\redhat.java-1.44.0-win32-x64\jre\21.0.8-win32-x86_64\bin\zip.dll
Event: 1.300 Loaded shared library C:\Users\nasir\.vscode\extensions\redhat.java-1.44.0-win32-x64\jre\21.0.8-win32-x86_64\bin\jimage.dll
Event: 1.989 Loaded shared library c:\Users\nasir\.vscode\extensions\redhat.java-1.44.0-win32-x64\jre\21.0.8-win32-x86_64\bin\verify.dll
Event: 19.466 Loaded shared library C:\Users\nasir\AppData\Roaming\Code\User\globalStorage\redhat.java\1.44.0\config_win\org.eclipse.equinox.launcher\org.eclipse.equinox.launcher.win32.win32.x86_64_1.2.1400.v20250730-1736\eclipse_11913.dll
Event: 39.231 Loaded shared library C:\Users\nasir\AppData\Local\Temp\jna-104590921\jna17375158747602402978.dll
Event: 43.056 Loaded shared library C:\Users\nasir\.vscode\extensions\redhat.java-1.44.0-win32-x64\jre\21.0.8-win32-x86_64\bin\sunmscapi.dll
Event: 43.288 Loaded shared library C:\Users\nasir\.vscode\extensions\redhat.java-1.44.0-win32-x64\jre\21.0.8-win32-x86_64\bin\extnet.dll

Deoptimization events (20 events):
Event: 132.678 Thread 0x000001c6dcb2dc20 DEOPT PACKING pc=0x000001c688269848 sp=0x000000686a9fe690
Event: 132.679 Thread 0x000001c6dcb2dc20 DEOPT UNPACKING pc=0x000001c687583aa2 sp=0x000000686a9fe610 mode 2
Event: 132.721 Thread 0x000001c6dcb2dc20 Uncommon trap: trap_request=0xffffff76 fr.pc=0x000001c6889087dc relative=0x0000000000001b3c
Event: 132.721 Thread 0x000001c6dcb2dc20 Uncommon trap: reason=predicate action=maybe_recompile pc=0x000001c6889087dc method=org.eclipse.jdt.internal.compiler.parser.Scanner.jumpOverMethodBody()V @ 7 c2
Event: 132.721 Thread 0x000001c6dcb2dc20 DEOPT PACKING pc=0x000001c6889087dc sp=0x000000686a9fdda0
Event: 132.721 Thread 0x000001c6dcb2dc20 DEOPT UNPACKING pc=0x000001c687583aa2 sp=0x000000686a9fdd30 mode 2
Event: 132.728 Thread 0x000001c6dcb2dc20 DEOPT PACKING pc=0x000001c682077569 sp=0x000000686a9fd990
Event: 132.728 Thread 0x000001c6dcb2dc20 DEOPT UNPACKING pc=0x000001c687584242 sp=0x000000686a9fcec0 mode 0
Event: 132.775 Thread 0x000001c6dcb2dc20 DEOPT PACKING pc=0x000001c681fafb7e sp=0x000000686a9fc1e0
Event: 132.775 Thread 0x000001c6dcb2dc20 DEOPT UNPACKING pc=0x000001c687584242 sp=0x000000686a9fb680 mode 0
Event: 132.843 Thread 0x000001c6dcb2dc20 DEOPT PACKING pc=0x000001c682077569 sp=0x000000686a9fd560
Event: 132.843 Thread 0x000001c6dcb2dc20 DEOPT UNPACKING pc=0x000001c687584242 sp=0x000000686a9fca90 mode 0
Event: 133.127 Thread 0x000001c6dcb2dc20 Uncommon trap: trap_request=0xffffff6e fr.pc=0x000001c68892bb38 relative=0x00000000000005f8
Event: 133.127 Thread 0x000001c6dcb2dc20 Uncommon trap: reason=loop_limit_check action=maybe_recompile pc=0x000001c68892bb38 method=org.eclipse.jdt.internal.compiler.parser.Parser.constructTypeReference(I)Lorg/eclipse/jdt/internal/compiler/ast/TypeReference; @ 546 c2
Event: 133.127 Thread 0x000001c6dcb2dc20 DEOPT PACKING pc=0x000001c68892bb38 sp=0x000000686a9fdb10
Event: 133.127 Thread 0x000001c6dcb2dc20 DEOPT UNPACKING pc=0x000001c687583aa2 sp=0x000000686a9fdaa0 mode 2
Event: 133.202 Thread 0x000001c6dcb2dc20 Uncommon trap: trap_request=0xffffffde fr.pc=0x000001c6884aa118 relative=0x0000000000000078
Event: 133.202 Thread 0x000001c6dcb2dc20 Uncommon trap: reason=class_check action=maybe_recompile pc=0x000001c6884aa118 method=java.util.LinkedHashMap.afterNodeInsertion(Z)V @ 15 c2
Event: 133.202 Thread 0x000001c6dcb2dc20 DEOPT PACKING pc=0x000001c6884aa118 sp=0x000000686a9fe900
Event: 133.202 Thread 0x000001c6dcb2dc20 DEOPT UNPACKING pc=0x000001c687583aa2 sp=0x000000686a9fe878 mode 2

Classes loaded (20 events):
Event: 123.429 Loading class org/xml/sax/SAXNotRecognizedException
Event: 123.430 Loading class org/xml/sax/SAXNotRecognizedException done
Event: 123.430 Loading class org/xml/sax/SAXNotSupportedException
Event: 123.430 Loading class org/xml/sax/SAXNotSupportedException done
Event: 123.434 Loading class com/sun/org/apache/xerces/internal/util/URI
Event: 123.436 Loading class com/sun/org/apache/xerces/internal/util/URI done
Event: 123.443 Loading class com/sun/org/apache/xerces/internal/xni/XNIException
Event: 123.444 Loading class com/sun/org/apache/xerces/internal/xni/XNIException done
Event: 123.445 Loading class com/sun/org/apache/xerces/internal/xni/parser/XMLParseException
Event: 123.445 Loading class com/sun/org/apache/xerces/internal/xni/parser/XMLParseException done
Event: 125.348 Loading class java/util/HashMap$EntrySpliterator
Event: 125.349 Loading class java/util/HashMap$EntrySpliterator done
Event: 128.912 Loading class jdk/internal/event/SecurityPropertyModificationEvent
Event: 128.914 Loading class jdk/internal/event/SecurityPropertyModificationEvent done
Event: 129.322 Loading class java/util/zip/CheckedInputStream
Event: 129.331 Loading class java/util/zip/CheckedInputStream done
Event: 129.627 Loading class java/util/zip/GZIPInputStream$1
Event: 129.627 Loading class java/util/zip/GZIPInputStream$1 done
Event: 129.884 Loading class jdk/internal/ref/CleanerImpl$InnocuousThreadFactory
Event: 129.885 Loading class jdk/internal/ref/CleanerImpl$InnocuousThreadFactory done

Classes unloaded (7 events):
Event: 40.386 Thread 0x000001c6f2f4e800 Unloading class 0x000001c6901b4800 'java/lang/invoke/LambdaForm$MH+0x000001c6901b4800'
Event: 40.386 Thread 0x000001c6f2f4e800 Unloading class 0x000001c6901b4400 'java/lang/invoke/LambdaForm$MH+0x000001c6901b4400'
Event: 40.386 Thread 0x000001c6f2f4e800 Unloading class 0x000001c6901b4000 'java/lang/invoke/LambdaForm$MH+0x000001c6901b4000'
Event: 40.386 Thread 0x000001c6f2f4e800 Unloading class 0x000001c6901b3c00 'java/lang/invoke/LambdaForm$MH+0x000001c6901b3c00'
Event: 40.386 Thread 0x000001c6f2f4e800 Unloading class 0x000001c6901b3800 'java/lang/invoke/LambdaForm$BMH+0x000001c6901b3800'
Event: 40.386 Thread 0x000001c6f2f4e800 Unloading class 0x000001c6901b3400 'java/lang/invoke/LambdaForm$DMH+0x000001c6901b3400'
Event: 40.386 Thread 0x000001c6f2f4e800 Unloading class 0x000001c6901b2000 'java/lang/invoke/LambdaForm$DMH+0x000001c6901b2000'

Classes redefined (0 events):
No events

Internal exceptions (20 events):
Event: 125.725 Thread 0x000001c6fcb114b0 Exception <a 'sun/nio/fs/WindowsException'{0x00000000d58921e0}> (0x00000000d58921e0) 
thrown [s\src\hotspot\share\prims\jni.cpp, line 520]
Event: 125.730 Thread 0x000001c6fcb114b0 Exception <a 'sun/nio/fs/WindowsException'{0x00000000d58ad5c0}> (0x00000000d58ad5c0) 
thrown [s\src\hotspot\share\prims\jni.cpp, line 520]
Event: 125.737 Thread 0x000001c6fcb114b0 Exception <a 'sun/nio/fs/WindowsException'{0x00000000d58e2c88}> (0x00000000d58e2c88) 
thrown [s\src\hotspot\share\prims\jni.cpp, line 520]
Event: 125.740 Thread 0x000001c6fcb114b0 Exception <a 'sun/nio/fs/WindowsException'{0x00000000d58e50b8}> (0x00000000d58e50b8) 
thrown [s\src\hotspot\share\prims\jni.cpp, line 520]
Event: 125.831 Thread 0x000001c6fcb13580 Exception <a 'sun/nio/fs/WindowsException'{0x00000000d56850a0}> (0x00000000d56850a0) 
thrown [s\src\hotspot\share\prims\jni.cpp, line 520]
Event: 125.976 Thread 0x000001c6fcb13580 Exception <a 'sun/nio/fs/WindowsException'{0x00000000d592b340}> (0x00000000d592b340) 
thrown [s\src\hotspot\share\prims\jni.cpp, line 520]
Event: 128.237 Thread 0x000001c6fcb13580 Implicit null exception at 0x000001c68862c597 to 0x000001c68862dad8
Event: 128.894 Thread 0x000001c6fdc24ae0 Exception <a 'java/lang/IncompatibleClassChangeError'{0x00000000d5618848}: Found class java.lang.Object, but interface was expected> (0x00000000d5618848) 
thrown [s\src\hotspot\share\interpreter\linkResolver.cpp, line 840]
Event: 128.945 Thread 0x000001c6fd7ce4f0 Exception <a 'java/lang/ArrayIndexOutOfBoundsException'{0x00000000d55914f8}: Index 3074 out of bounds for length 3073> (0x00000000d55914f8) 
thrown [s\src\hotspot\share\interpreter\interpreterRuntime.cpp, line 439]
Event: 128.982 Thread 0x000001c6dcb2f660 Exception <a 'sun/nio/fs/WindowsException'{0x00000000d559f4f0}> (0x00000000d559f4f0) 
thrown [s\src\hotspot\share\prims\jni.cpp, line 520]
Event: 128.982 Thread 0x000001c6dcb2f660 Exception <a 'sun/nio/fs/WindowsException'{0x00000000d559feb0}> (0x00000000d559feb0) 
thrown [s\src\hotspot\share\prims\jni.cpp, line 520]
Event: 128.983 Thread 0x000001c6dcb2f660 Exception <a 'sun/nio/fs/WindowsException'{0x00000000d55a10e0}> (0x00000000d55a10e0) 
thrown [s\src\hotspot\share\prims\jni.cpp, line 520]
Event: 128.983 Thread 0x000001c6dcb2f660 Exception <a 'sun/nio/fs/WindowsException'{0x00000000d55a1aa0}> (0x00000000d55a1aa0) 
thrown [s\src\hotspot\share\prims\jni.cpp, line 520]
Event: 128.983 Thread 0x000001c6dcb2f660 Exception <a 'sun/nio/fs/WindowsException'{0x00000000d55aa428}> (0x00000000d55aa428) 
thrown [s\src\hotspot\share\prims\jni.cpp, line 520]
Event: 128.983 Thread 0x000001c6dcb2f660 Exception <a 'sun/nio/fs/WindowsException'{0x00000000d55aade8}> (0x00000000d55aade8) 
thrown [s\src\hotspot\share\prims\jni.cpp, line 520]
Event: 128.993 Thread 0x000001c6dcb2f660 Exception <a 'sun/nio/fs/WindowsException'{0x00000000d565cb30}> (0x00000000d565cb30) 
thrown [s\src\hotspot\share\prims\jni.cpp, line 520]
Event: 128.993 Thread 0x000001c6dcb2f660 Exception <a 'sun/nio/fs/WindowsException'{0x00000000d565d4f0}> (0x00000000d565d4f0) 
thrown [s\src\hotspot\share\prims\jni.cpp, line 520]
Event: 130.290 Thread 0x000001c6dcb2dc20 Exception <a 'java/lang/NoSuchMethodError'{0x00000000d581d240}: 'java.lang.Object java.lang.invoke.DirectMethodHandle$Holder.newInvokeSpecial(java.lang.Object, java.lang.Object, int, java.lang.Object, java.lang.Object, java.lang.Object, java.lang.Object)'> (0x00000000d581d240) 
thrown [s\src\hotspot\share\interpreter\linkResolver.cpp, line 773]
Event: 131.259 Thread 0x000001c6fdc24ae0 Exception <a 'java/lang/IncompatibleClassChangeError'{0x00000000d5604b10}: Found class java.lang.Object, but interface was expected> (0x00000000d5604b10) 
thrown [s\src\hotspot\share\interpreter\linkResolver.cpp, line 840]
Event: 131.274 Thread 0x000001c6dcb2efd0 Exception <a 'java/lang/NoSuchMethodError'{0x00000000d5663e58}: 'java.lang.Object java.lang.invoke.DirectMethodHandle$Holder.invokeSpecial(java.lang.Object, java.lang.Object, java.lang.Object, java.lang.Object, int, java.lang.Object, java.lang.Object)'> (0x00000000d5663e58) 
thrown [s\src\hotspot\share\interpreter\linkResolver.cpp, line 773]

ZGC Phase Switch (0 events):
No events

VM Operations (20 events):
Event: 133.069 Executing VM operation: ParallelGCFailedAllocation (Allocation Failure)
Event: 133.075 Executing VM operation: ParallelGCFailedAllocation (Allocation Failure) done
Event: 133.134 Executing VM operation: ParallelGCFailedAllocation (Allocation Failure)
Event: 133.137 Executing VM operation: ParallelGCFailedAllocation (Allocation Failure) done
Event: 133.145 Executing VM operation: ParallelGCFailedAllocation (Allocation Failure)
Event: 133.151 Executing VM operation: ParallelGCFailedAllocation (Allocation Failure) done
Event: 133.187 Executing VM operation: ParallelGCFailedAllocation (Allocation Failure)
Event: 133.191 Executing VM operation: ParallelGCFailedAllocation (Allocation Failure) done
Event: 133.209 Executing VM operation: ParallelGCFailedAllocation (Allocation Failure)
Event: 133.213 Executing VM operation: ParallelGCFailedAllocation (Allocation Failure) done
Event: 133.221 Executing VM operation: ParallelGCFailedAllocation (Allocation Failure)
Event: 133.225 Executing VM operation: ParallelGCFailedAllocation (Allocation Failure) done
Event: 133.253 Executing VM operation: ParallelGCFailedAllocation (Allocation Failure)
Event: 133.259 Executing VM operation: ParallelGCFailedAllocation (Allocation Failure) done
Event: 135.259 Executing VM operation: Cleanup
Event: 135.259 Executing VM operation: Cleanup done
Event: 137.259 Executing VM operation: Cleanup
Event: 137.259 Executing VM operation: Cleanup done
Event: 152.268 Executing VM operation: Cleanup
Event: 152.274 Executing VM operation: Cleanup done

Memory protections (0 events):
No events

Nmethod flushes (20 events):
Event: 68.245 Thread 0x000001c6f2f4e800 flushing  nmethod 0x000001c680919290
Event: 68.245 Thread 0x000001c6f2f4e800 flushing  nmethod 0x000001c680919710
Event: 68.245 Thread 0x000001c6f2f4e800 flushing  nmethod 0x000001c68091d990
Event: 68.245 Thread 0x000001c6f2f4e800 flushing  nmethod 0x000001c68099e590
Event: 68.245 Thread 0x000001c6f2f4e800 flushing  nmethod 0x000001c68099fb90
Event: 68.245 Thread 0x000001c6f2f4e800 flushing  nmethod 0x000001c6809b4090
Event: 68.245 Thread 0x000001c6f2f4e800 flushing  nmethod 0x000001c6809b6210
Event: 68.245 Thread 0x000001c6f2f4e800 flushing  nmethod 0x000001c6809d9190
Event: 68.245 Thread 0x000001c6f2f4e800 flushing  nmethod 0x000001c6809e1090
Event: 68.245 Thread 0x000001c6f2f4e800 flushing osr nmethod 0x000001c680a11a90
Event: 68.245 Thread 0x000001c6f2f4e800 flushing osr nmethod 0x000001c680a27390
Event: 68.245 Thread 0x000001c6f2f4e800 flushing  nmethod 0x000001c680a57910
Event: 68.245 Thread 0x000001c6f2f4e800 flushing  nmethod 0x000001c680a59010
Event: 68.245 Thread 0x000001c6f2f4e800 flushing  nmethod 0x000001c680a64590
Event: 68.245 Thread 0x000001c6f2f4e800 flushing  nmethod 0x000001c680a6d990
Event: 68.245 Thread 0x000001c6f2f4e800 flushing  nmethod 0x000001c680ab2a10
Event: 68.245 Thread 0x000001c6f2f4e800 flushing  nmethod 0x000001c680ab4f90
Event: 68.245 Thread 0x000001c6f2f4e800 flushing  nmethod 0x000001c680ab5510
Event: 68.245 Thread 0x000001c6f2f4e800 flushing  nmethod 0x000001c680ab5990
Event: 68.245 Thread 0x000001c6f2f4e800 flushing  nmethod 0x000001c680aca510

Events (20 events):
Event: 106.083 Thread 0x000001c6fdc24ae0 Thread added: 0x000001c6dcb2dc20
Event: 106.180 Thread 0x000001c6fdc24ae0 Thread added: 0x000001c6dcb2f660
Event: 106.694 Thread 0x000001c6fdc24ae0 Thread added: 0x000001c6dcb2efd0
Event: 106.817 Thread 0x000001c6fdc24ae0 Thread added: 0x000001c6dcb2fcf0
Event: 107.041 Thread 0x000001c6dcb2efd0 Thread added: 0x000001c6dcb2d590
Event: 107.897 Thread 0x000001c6fdc23dc0 Thread added: 0x000001c6dcb310a0
Event: 112.905 Thread 0x000001c6dcb310a0 Thread exited: 0x000001c6dcb310a0
Event: 118.041 Thread 0x000001c6fc1672d0 Thread added: 0x000001c6fd5cc9c0
Event: 118.677 Thread 0x000001c6fd5cc9c0 Thread exited: 0x000001c6fd5cc9c0
Event: 121.403 Thread 0x000001c6fc1672d0 Thread added: 0x000001c6fd5cc9c0
Event: 121.723 Thread 0x000001c6fc1672d0 Thread added: 0x000001c6fd5cd760
Event: 124.993 Thread 0x000001c6fd5cd760 Thread exited: 0x000001c6fd5cd760
Event: 126.307 Thread 0x000001c6fc1672d0 Thread added: 0x000001c6fd5cd760
Event: 128.715 Thread 0x000001c6dcb2f660 Thread added: 0x000001c6fd7cde60
Event: 128.724 Thread 0x000001c6dcb2d590 Thread added: 0x000001c6fd7ce4f0
Event: 128.944 Thread 0x000001c6dcb2f660 Thread added: 0x000001c6fd7d05c0
Event: 129.885 Thread 0x000001c6dcb2dc20 Thread added: 0x000001c6fd7d1970
Event: 130.776 Thread 0x000001c6fd7d05c0 Thread exited: 0x000001c6fd7d05c0
Event: 131.259 Thread 0x000001c6fd5cd760 Thread exited: 0x000001c6fd5cd760
Event: 132.574 Thread 0x000001c6fd5cc9c0 Thread exited: 0x000001c6fd5cc9c0


Dynamic libraries:
0x00007ff73d8d0000 - 0x00007ff73d8de000 	c:\Users\nasir\.vscode\extensions\redhat.java-1.44.0-win32-x64\jre\21.0.8-win32-x86_64\bin\java.exe
0x00007ffb6e400000 - 0x00007ffb6e668000 	C:\WINDOWS\SYSTEM32\ntdll.dll
0x00007ffb6c890000 - 0x00007ffb6c959000 	C:\WINDOWS\System32\KERNEL32.DLL
0x00007ffb6baa0000 - 0x00007ffb6be8d000 	C:\WINDOWS\System32\KERNELBASE.dll
0x00007ffb6b690000 - 0x00007ffb6b7db000 	C:\WINDOWS\System32\ucrtbase.dll
0x00007ffb37fd0000 - 0x00007ffb37fe8000 	c:\Users\nasir\.vscode\extensions\redhat.java-1.44.0-win32-x64\jre\21.0.8-win32-x86_64\bin\jli.dll
0x00007ffb37fb0000 - 0x00007ffb37fce000 	c:\Users\nasir\.vscode\extensions\redhat.java-1.44.0-win32-x64\jre\21.0.8-win32-x86_64\bin\VCRUNTIME140.dll
0x00007ffb6d1f0000 - 0x00007ffb6d3bc000 	C:\WINDOWS\System32\USER32.dll
0x00007ffb6c170000 - 0x00007ffb6c197000 	C:\WINDOWS\System32\win32u.dll
0x00007ffb6c960000 - 0x00007ffb6c98b000 	C:\WINDOWS\System32\GDI32.dll
0x00007ffb6b960000 - 0x00007ffb6ba97000 	C:\WINDOWS\System32\gdi32full.dll
0x00007ffb6b550000 - 0x00007ffb6b5f3000 	C:\WINDOWS\System32\msvcp_win.dll
0x00007ffb546a0000 - 0x00007ffb5493a000 	C:\WINDOWS\WinSxS\amd64_microsoft.windows.common-controls_6595b64144ccf1df_6.0.26100.4484_none_3e0e6d4ce32ef3b3\COMCTL32.dll
0x00007ffb6dde0000 - 0x00007ffb6de89000 	C:\WINDOWS\System32\msvcrt.dll
0x00007ffb6c340000 - 0x00007ffb6c36f000 	C:\WINDOWS\System32\IMM32.DLL
0x00007ffb41660000 - 0x00007ffb4166c000 	c:\Users\nasir\.vscode\extensions\redhat.java-1.44.0-win32-x64\jre\21.0.8-win32-x86_64\bin\vcruntime140_1.dll
0x00007ffb123c0000 - 0x00007ffb1244d000 	c:\Users\nasir\.vscode\extensions\redhat.java-1.44.0-win32-x64\jre\21.0.8-win32-x86_64\bin\msvcp140.dll
0x00007ffa5e0e0000 - 0x00007ffa5ee77000 	c:\Users\nasir\.vscode\extensions\redhat.java-1.44.0-win32-x64\jre\21.0.8-win32-x86_64\bin\server\jvm.dll
0x00007ffb6ced0000 - 0x00007ffb6cf84000 	C:\WINDOWS\System32\ADVAPI32.dll
0x00007ffb6cf90000 - 0x00007ffb6d036000 	C:\WINDOWS\System32\sechost.dll
0x00007ffb6cdb0000 - 0x00007ffb6cec8000 	C:\WINDOWS\System32\RPCRT4.dll
0x00007ffb6ca90000 - 0x00007ffb6cb04000 	C:\WINDOWS\System32\WS2_32.dll
0x00007ffb59b40000 - 0x00007ffb59b75000 	C:\WINDOWS\SYSTEM32\WINMM.dll
0x00007ffb6b3a0000 - 0x00007ffb6b3fe000 	C:\WINDOWS\SYSTEM32\POWRPROF.dll
0x00007ffb62400000 - 0x00007ffb6240b000 	C:\WINDOWS\SYSTEM32\VERSION.dll
0x00007ffb6b380000 - 0x00007ffb6b394000 	C:\WINDOWS\SYSTEM32\UMPDC.dll
0x00007ffb6a2c0000 - 0x00007ffb6a2db000 	C:\WINDOWS\SYSTEM32\kernel.appcore.dll
0x00007ffb37fa0000 - 0x00007ffb37faa000 	c:\Users\nasir\.vscode\extensions\redhat.java-1.44.0-win32-x64\jre\21.0.8-win32-x86_64\bin\jimage.dll
0x00007ffb57a80000 - 0x00007ffb57cc1000 	C:\WINDOWS\SYSTEM32\DBGHELP.DLL
0x00007ffb6dfc0000 - 0x00007ffb6e346000 	C:\WINDOWS\System32\combase.dll
0x00007ffb6d530000 - 0x00007ffb6d610000 	C:\WINDOWS\System32\OLEAUT32.dll
0x00007ffb4f130000 - 0x00007ffb4f173000 	C:\WINDOWS\SYSTEM32\dbgcore.DLL
0x00007ffb6be90000 - 0x00007ffb6bf29000 	C:\WINDOWS\System32\bcryptPrimitives.dll
0x00007ffb37f90000 - 0x00007ffb37f9f000 	c:\Users\nasir\.vscode\extensions\redhat.java-1.44.0-win32-x64\jre\21.0.8-win32-x86_64\bin\instrument.dll
0x00007ffaf1320000 - 0x00007ffaf133f000 	c:\Users\nasir\.vscode\extensions\redhat.java-1.44.0-win32-x64\jre\21.0.8-win32-x86_64\bin\java.dll
0x00007ffb6d620000 - 0x00007ffb6dd6a000 	C:\WINDOWS\System32\SHELL32.dll
0x00007ffb6bff0000 - 0x00007ffb6c164000 	C:\WINDOWS\System32\wintypes.dll
0x00007ffb69170000 - 0x00007ffb699cb000 	C:\WINDOWS\SYSTEM32\windows.storage.dll
0x00007ffb6c990000 - 0x00007ffb6ca85000 	C:\WINDOWS\System32\SHCORE.dll
0x00007ffb6e350000 - 0x00007ffb6e3ba000 	C:\WINDOWS\System32\shlwapi.dll
0x00007ffb6b460000 - 0x00007ffb6b48f000 	C:\WINDOWS\SYSTEM32\profapi.dll
0x00007ffaf1300000 - 0x00007ffaf1318000 	c:\Users\nasir\.vscode\extensions\redhat.java-1.44.0-win32-x64\jre\21.0.8-win32-x86_64\bin\zip.dll
0x00007ffb37f80000 - 0x00007ffb37f90000 	C:\Users\nasir\.vscode\extensions\redhat.java-1.44.0-win32-x64\jre\21.0.8-win32-x86_64\bin\net.dll
0x00007ffb62ff0000 - 0x00007ffb6310e000 	C:\WINDOWS\SYSTEM32\WINHTTP.dll
0x00007ffb6a880000 - 0x00007ffb6a8ea000 	C:\WINDOWS\system32\mswsock.dll
0x00007ffaebdc0000 - 0x00007ffaebdd6000 	C:\Users\nasir\.vscode\extensions\redhat.java-1.44.0-win32-x64\jre\21.0.8-win32-x86_64\bin\nio.dll
0x00007ffb123b0000 - 0x00007ffb123c0000 	c:\Users\nasir\.vscode\extensions\redhat.java-1.44.0-win32-x64\jre\21.0.8-win32-x86_64\bin\verify.dll
0x00007ffaea810000 - 0x00007ffaea855000 	C:\Users\nasir\AppData\Roaming\Code\User\globalStorage\redhat.java\1.44.0\config_win\org.eclipse.equinox.launcher\org.eclipse.equinox.launcher.win32.win32.x86_64_1.2.1400.v20250730-1736\eclipse_11913.dll
0x00007ffb6d040000 - 0x00007ffb6d1de000 	C:\WINDOWS\System32\ole32.dll
0x00007ffb6ab30000 - 0x00007ffb6ab4b000 	C:\WINDOWS\SYSTEM32\CRYPTSP.dll
0x00007ffb6a220000 - 0x00007ffb6a25b000 	C:\WINDOWS\system32\rsaenh.dll
0x00007ffb6a920000 - 0x00007ffb6a94b000 	C:\WINDOWS\SYSTEM32\USERENV.dll
0x00007ffb6b430000 - 0x00007ffb6b456000 	C:\WINDOWS\SYSTEM32\bcrypt.dll
0x00007ffb6ab50000 - 0x00007ffb6ab5c000 	C:\WINDOWS\SYSTEM32\CRYPTBASE.dll
0x00007ffb69cc0000 - 0x00007ffb69cf3000 	C:\WINDOWS\SYSTEM32\IPHLPAPI.DLL
0x00007ffb6c330000 - 0x00007ffb6c33a000 	C:\WINDOWS\System32\NSI.dll
0x00007ffaea6b0000 - 0x00007ffaea6f9000 	C:\Users\nasir\AppData\Local\Temp\jna-104590921\jna17375158747602402978.dll
0x00007ffb6c250000 - 0x00007ffb6c258000 	C:\WINDOWS\System32\PSAPI.DLL
0x00007ffb62f60000 - 0x00007ffb62f7f000 	C:\WINDOWS\SYSTEM32\dhcpcsvc6.DLL
0x00007ffb62e70000 - 0x00007ffb62e95000 	C:\WINDOWS\SYSTEM32\dhcpcsvc.DLL
0x00007ffb38030000 - 0x00007ffb3803e000 	C:\Users\nasir\.vscode\extensions\redhat.java-1.44.0-win32-x64\jre\21.0.8-win32-x86_64\bin\sunmscapi.dll
0x00007ffb6b7e0000 - 0x00007ffb6b957000 	C:\WINDOWS\System32\CRYPT32.dll
0x00007ffb6ad50000 - 0x00007ffb6ad80000 	C:\WINDOWS\SYSTEM32\ncrypt.dll
0x00007ffb6ad00000 - 0x00007ffb6ad3f000 	C:\WINDOWS\SYSTEM32\NTASN1.dll
0x00007ffb69db0000 - 0x00007ffb69ed6000 	C:\WINDOWS\SYSTEM32\DNSAPI.dll
0x00007ffb64410000 - 0x00007ffb6441b000 	C:\Windows\System32\rasadhlp.dll
0x00007ffb61f80000 - 0x00007ffb62006000 	C:\WINDOWS\System32\fwpuclnt.dll
0x00007ffaf2930000 - 0x00007ffaf2939000 	C:\Users\nasir\.vscode\extensions\redhat.java-1.44.0-win32-x64\jre\21.0.8-win32-x86_64\bin\extnet.dll
0x00007ffb6a400000 - 0x00007ffb6a436000 	C:\WINDOWS\SYSTEM32\ntmarta.dll

JVMTI agents:
c:\Users\nasir\.vscode\extensions\redhat.java-1.44.0-win32-x64\lombok\lombok-1.18.39-4050.jar path:c:\Users\nasir\.vscode\extensions\redhat.java-1.44.0-win32-x64\jre\21.0.8-win32-x86_64\bin\instrument.dll, loaded, initialized, instrumentlib options:none

dbghelp: loaded successfully - version: 4.0.5 - missing functions: none
symbol engine: initialized successfully - sym options: 0x614 - pdb path: .;c:\Users\nasir\.vscode\extensions\redhat.java-1.44.0-win32-x64\jre\21.0.8-win32-x86_64\bin;C:\WINDOWS\SYSTEM32;C:\WINDOWS\WinSxS\amd64_microsoft.windows.common-controls_6595b64144ccf1df_6.0.26100.4484_none_3e0e6d4ce32ef3b3;c:\Users\nasir\.vscode\extensions\redhat.java-1.44.0-win32-x64\jre\21.0.8-win32-x86_64\bin\server;C:\Users\nasir\AppData\Roaming\Code\User\globalStorage\redhat.java\1.44.0\config_win\org.eclipse.equinox.launcher\org.eclipse.equinox.launcher.win32.win32.x86_64_1.2.1400.v20250730-1736;C:\Users\nasir\AppData\Local\Temp\jna-104590921

VM Arguments:
jvm_args: --add-modules=ALL-SYSTEM --add-opens=java.base/java.util=ALL-UNNAMED --add-opens=java.base/java.lang=ALL-UNNAMED --add-opens=java.base/sun.nio.fs=ALL-UNNAMED -Declipse.application=org.eclipse.jdt.ls.core.id1 -Dosgi.bundles.defaultStartLevel=4 -Declipse.product=org.eclipse.jdt.ls.core.product -Djava.import.generatesMetadataFilesAtProjectRoot=false -DDetectVMInstallationsJob.disabled=true -Dfile.encoding=utf8 -XX:+UseParallelGC -XX:GCTimeRatio=4 -XX:AdaptiveSizePolicyWeight=90 -Dsun.zip.disableMemoryMapping=true -Xmx2G -Xms100m -Xlog:disable -javaagent:c:\Users\nasir\.vscode\extensions\redhat.java-1.44.0-win32-x64\lombok\lombok-1.18.39-4050.jar -XX:+HeapDumpOnOutOfMemoryError -XX:HeapDumpPath=c:\Users\nasir\AppData\Roaming\Code\User\workspaceStorage\afa32ad347e9f27b634a0ff24658cbed\redhat.java -Daether.dependencyCollector.impl=bf 
java_command: c:\Users\nasir\.vscode\extensions\redhat.java-1.44.0-win32-x64\server\plugins\org.eclipse.equinox.launcher_1.7.0.v20250519-0528.jar -configuration c:\Users\nasir\AppData\Roaming\Code\User\globalStorage\redhat.java\1.44.0\config_win -data c:\Users\nasir\AppData\Roaming\Code\User\workspaceStorage\afa32ad347e9f27b634a0ff24658cbed\redhat.java\jdt_ws --pipe=\\.\pipe\lsp-be13b9dd6752bd48b78e3e08bdf63748-sock
java_class_path (initial): c:\Users\nasir\.vscode\extensions\redhat.java-1.44.0-win32-x64\server\plugins\org.eclipse.equinox.launcher_1.7.0.v20250519-0528.jar
Launcher Type: SUN_STANDARD

[Global flags]
    uintx AdaptiveSizePolicyWeight                 = 90                                        {product} {command line}
     intx CICompilerCount                          = 4                                         {product} {ergonomic}
    uintx GCTimeRatio                              = 4                                         {product} {command line}
     bool HeapDumpOnOutOfMemoryError               = true                                   {manageable} {command line}
    ccstr HeapDumpPath                             = c:\Users\nasir\AppData\Roaming\Code\User\workspaceStorage\afa32ad347e9f27b634a0ff24658cbed\redhat.java         {manageable} {command line}
   size_t InitialHeapSize                          = 104857600                                 {product} {command line}
   size_t MaxHeapSize                              = 2147483648                                {product} {command line}
   size_t MaxNewSize                               = 715653120                                 {product} {ergonomic}
   size_t MinHeapDeltaBytes                        = 524288                                    {product} {ergonomic}
   size_t MinHeapSize                              = 104857600                                 {product} {command line}
   size_t NewSize                                  = 34603008                                  {product} {ergonomic}
    uintx NonNMethodCodeHeapSize                   = 5839372                                {pd product} {ergonomic}
    uintx NonProfiledCodeHeapSize                  = 122909434                              {pd product} {ergonomic}
   size_t OldSize                                  = 70254592                                  {product} {ergonomic}
    uintx ProfiledCodeHeapSize                     = 122909434                              {pd product} {ergonomic}
    uintx ReservedCodeCacheSize                    = 251658240                              {pd product} {ergonomic}
     bool SegmentedCodeCache                       = true                                      {product} {ergonomic}
   size_t SoftMaxHeapSize                          = 2147483648                             {manageable} {ergonomic}
     bool UseCompressedOops                        = true                           {product lp64_product} {ergonomic}
     bool UseLargePagesIndividualAllocation        = false                                  {pd product} {ergonomic}
     bool UseParallelGC                            = true                                      {product} {command line}

Logging:
Log output configuration:
 #0: stdout all=off uptime,level,tags foldmultilines=false
 #1: stderr all=off uptime,level,tags foldmultilines=false

Environment Variables:
JAVA_HOME=C:\Program Files\Java\jdk-24
PATH=C:\Program Files\Java\jdk-24\bin;C:\Program Files (x86)\Common Files\Oracle\Java\java8path;C:\Program Files (x86)\Common Files\Oracle\Java\javapath;C:\Program Files (x86)\Intel\Intel(R) Management Engine Components\iCLS\;C:\Program Files\Intel\Intel(R) Management Engine Components\iCLS\;C:\Windows\system32;C:\Windows;C:\Windows\System32\Wbem;C:\Windows\System32\WindowsPowerShell\v1.0\;C:\Windows\System32\OpenSSH\;C:\Program Files (x86)\Intel\Intel(R) Management Engine Components\DAL;C:\Program Files\Intel\Intel(R) Management Engine Components\DAL;C:\Program Files (x86)\Intel\Intel(R) Management Engine Components\IPT;C:\Program Files\Intel\Intel(R) Management Engine Components\IPT;C:\Program Files\Intel\WiFi\bin\;C:\Program Files\Common Files\Intel\WirelessCommon\;C:\Program Files (x86)\NVIDIA Corporation\PhysX\Common;C:\Program Files\Git\cmd;C:\ProgramData\chocolatey\bin;C:\ProgramData\chocolatey\lib\maven\apache-maven-3.9.9\bin;C:\Program Files\nodejs\;C:\Users\nasir\Documents\git-filter-repo-main\git-filter-repo-main;C:\Program Files\PostgreSQL\17\bin;C:\WINDOWS\system32;C:\WINDOWS;C:\WINDOWS\System32\Wbem;C:\WINDOWS\System32\WindowsPowerShell\v1.0\;C:\WINDOWS\System32\OpenSSH\;C:\Program Files\qemu;;C:\Program Files\NVIDIA Corporation\NVIDIA App\NvDLISR;C:\WINDOWS\system32\config\systemprofile\AppData\Local\Muse Hub\lib;C:\Python313\Scripts\;C:\Python313\;C:\Program Files\Java\jdk-24\bin;C:\Users\nasir\AppData\Local\Programs\Python\Python313\Scripts\;C:\Users\nasir\AppData\Local\Programs\Python\Python313\;C:\Users\nasir\AppData\Local\Microsoft\WindowsApps;C:\Program Files\Intel\WiFi\bin\;C:\Program Files\Common Files\Intel\WirelessCommon\;C:\Users\nasir\AppData\Local\Programs\Microsoft VS Code\bin;C:\Program Files\heroku\bin;C:\Users\nasir\AppData\Roaming\npm;C:\Users\nasir\Documents\git-filter-repo-main\git-filter-repo-main;C:\Program Files\PostgreSQL\17\bin;C:\Program Files\qemu;
USERNAME=nasir
OS=Windows_NT
PROCESSOR_IDENTIFIER=Intel64 Family 6 Model 158 Stepping 10, GenuineIntel
TMP=C:\Users\nasir\AppData\Local\Temp
TEMP=C:\Users\nasir\AppData\Local\Temp




Periodic native trim disabled

---------------  S Y S T E M  ---------------

OS:
 Windows 11 , 64 bit Build 26100 (10.0.26100.4484)
OS uptime: 3 days 19:04 hours
Hyper-V role detected

CPU: total 8 (initial active 8) (4 cores per cpu, 2 threads per core) family 6 model 158 stepping 10 microcode 0xde, cx8, cmov, fxsr, ht, mmx, 3dnowpref, sse, sse2, sse3, ssse3, sse4.1, sse4.2, popcnt, lzcnt, tsc, tscinvbit, avx, avx2, aes, erms, clmul, bmi1, bmi2, adx, fma, vzeroupper, clflush, clflushopt, hv, rdtscp, f16c
Processor Information for the first 8 processors :
  Max Mhz: 2304, Current Mhz: 2304, Mhz Limit: 2304

Memory: 4k page, system-wide physical 8034M (1033M free)
TotalPageFile size 32610M (AvailPageFile size 9M)
current process WorkingSet (physical memory assigned to process): 20M, peak: 702M
current process commit charge ("private bytes"): 1231M, peak: 1283M

vm_info: OpenJDK 64-Bit Server VM (21.0.8+9-LTS) for windows-amd64 JRE (21.0.8+9-LTS), built on 2025-07-15T00:00:00Z by "admin" with MS VC++ 17.7 (VS2022)

END.
